# Logfile created on Sat Oct 17 09:29:45 -0700 2009 by /
Will use local index.
using index in C:/Documents and Settings/Administrator/My Documents/My Dropbox/inscryb_local/index/development/thing
[thing] rebuild index with models: []
[thing] reopening index at C:/Documents and Settings/Administrator/My Documents/My Dropbox/inscryb_local/index/development/thing
[thing] register class Thing with index thing
[thing] default field list for index thing: [:updated_at, :created_at]
[thing] register class Thing with index thing
[thing] refusing re-registration of class Thing
Will use local index.
using index in C:/Documents and Settings/Administrator/My Documents/My Dropbox/inscryb_local/index/development/thing
[thing] register class Thing with index thing
[thing] default field list for index thing: [:name]
Will use local index.
using index in C:/Documents and Settings/Administrator/My Documents/My Dropbox/inscryb_local/index/development/thing
[thing] register class Thing with index thing
[thing] default field list for index thing: [:name]
[thing] register class Thing with index thing
[thing] refusing re-registration of class Thing
index_for [Thing(id: integer, created_at: datetime, updated_at: datetime)]
options: {:offset=>nil, :limit=>nil}
ar_options: {}
[thing] stored_fields: nil
[thing] query: cup
-->+name:cup +(class_name:Thing)
[thing] now retrieving records from AR with options: {}
[thing] 0 results from AR: []
Query: cup
total hits: 0, results delivered: 0
[thing] register class Thing with index thing
[thing] refusing re-registration of class Thing
index_for [Thing(id: integer, created_at: datetime, updated_at: datetime)]
options: {:offset=>nil, :limit=>nil}
ar_options: {}
[thing] stored_fields: nil
[thing] query: cup
-->+name:cup +(class_name:Thing)
[thing] now retrieving records from AR with options: {}
[thing] 0 results from AR: []
Query: cup
total hits: 0, results delivered: 0
Will use local index.
using index in C:/Documents and Settings/Administrator/My Documents/My Dropbox/inscryb_local/index/development/thing
[thing] register class Thing with index thing
[thing] default field list for index thing: [:name]
Will use local index.
using index in C:/Documents and Settings/Administrator/My Documents/My Dropbox/inscryb_local/index/development/thing
[thing] register class Thing with index thing
[thing] default field list for index thing: [:name]
Will use local index.
using index in C:/Documents and Settings/Administrator/My Documents/My Dropbox/inscryb_local/index/development/thing
[thing] register class Thing with index thing
[thing] default field list for index thing: [:name]
[thing] register class Thing with index thing
[thing] refusing re-registration of class Thing
Will use local index.
using index in C:/Documents and Settings/Administrator/My Documents/My Dropbox/inscryb_local/index/development/thing
[thing] register class Thing with index thing
[thing] default field list for index thing: [:name]
Will use local index.
using index in C:/Documents and Settings/Administrator/My Documents/My Dropbox/inscryb_local/index/development/thing
[thing] register class Thing with index thing
[thing] default field list for index thing: [:name]
Will use local index.
Will use local index.
Will use local index.
Will use local index.
Will use local index.
Will use local index.
Will use local index.
Will use local index.
[thing] register class Thing with index thing
[thing] refusing re-registration of class Thing
index_for [Thing(id: integer, name: string, thing_type_id: integer, parent_id: integer, created_at: datetime, updated_at: datetime)]
options: {:offset=>nil, :limit=>nil}
ar_options: {}
[thing] stored_fields: nil
[thing] query: cup
-->+name:cup +(class_name:Thing)
[thing] now retrieving records from AR with options: {}
[thing] 0 results from AR: []
Query: cup
total hits: 0, results delivered: 0
[thing] stored_fields: nil
[thing] query: cup
-->name:cup
index_for [Thing(id: integer, name: string, thing_type_id: integer, parent_id: integer, created_at: datetime, updated_at: datetime)]
options: {:offset=>nil, :limit=>nil}
ar_options: {}
[thing] stored_fields: nil
[thing] query: cup
-->+name:cup +(class_name:Thing)
[thing] now retrieving records from AR with options: {}
[thing] 0 results from AR: []
Query: cup
total hits: 0, results delivered: 0
index_for [Thing(id: integer, name: string, thing_type_id: integer, parent_id: integer, created_at: datetime, updated_at: datetime)]
options: {:offset=>nil, :limit=>nil}
ar_options: {}
[thing] stored_fields: nil
[thing] query: name
-->+name:name +(class_name:Thing)
[thing] now retrieving records from AR with options: {}
[thing] 0 results from AR: []
Query: name
total hits: 0, results delivered: 0
Will use local index.
using index in C:/Documents and Settings/Administrator/My Documents/My Dropbox/inscryb_local/index/development/thing
[thing] register class Thing with index thing
[thing] default field list for index thing: [:name]
index_for [Thing(id: integer, name: string, thing_type_id: integer, parent_id: integer, created_at: datetime, updated_at: datetime)]
options: {:offset=>nil, :limit=>nil}
ar_options: {}
[thing] stored_fields: nil
[thing] query: cup
-->+name:cup +(class_name:Thing)
[thing] now retrieving records from AR with options: {}
[thing] 0 results from AR: []
Query: cup
total hits: 0, results delivered: 0
[thing] rebuild index with models: [Thing(id: integer, name: string, thing_type_id: integer, parent_id: integer, created_at: datetime, updated_at: datetime)]
[thing] reindexing model Thing
[thing] reindex model Thing : 100.00% complete : 0.28 secs to finish
[thing] reopening index at C:/Documents and Settings/Administrator/My Documents/My Dropbox/inscryb_local/index/development/thing
index_for [Thing(id: integer, name: string, thing_type_id: integer, parent_id: integer, created_at: datetime, updated_at: datetime)]
options: {:offset=>nil, :limit=>nil}
ar_options: {}
[thing] stored_fields: nil
[thing] query: cup
-->+name:cup +(class_name:Thing)
[thing] now retrieving records from AR with options: {}
[thing] 7 results from AR: [#<Thing id: 104, name: "cup", thing_type_id: 1, parent_id: 103, created_at: "2009-10-17 21:23:23", updated_at: "2009-10-17 21:23:35">, #<Thing id: 68, name: "coffee cup", thing_type_id: 1, parent_id: 67, created_at: "2009-10-17 21:23:23", updated_at: "2009-10-17 21:23:33">, #<Thing id: 76, name: "coffee cup", thing_type_id: 1, parent_id: 74, created_at: "2009-10-17 21:23:23", updated_at: "2009-10-17 21:23:34">, #<Thing id: 88, name: "cup of coffee", thing_type_id: 1, parent_id: 29, created_at: "2009-10-17 21:23:23", updated_at: "2009-10-17 21:23:34">, #<Thing id: 89, name: "cup of coffee", thing_type_id: 1, parent_id: 50, created_at: "2009-10-17 21:23:23", updated_at: "2009-10-17 21:23:34">, #<Thing id: 90, name: "cup of coffee", thing_type_id: 1, parent_id: 51, created_at: "2009-10-17 21:23:23", updated_at: "2009-10-17 21:23:35">, #<Thing id: 103, name: "cup rack", thing_type_id: 1, parent_id: 102, created_at: "2009-10-17 21:23:23", updated_at: "2009-10-17 21:23:35">]
Query: cup
total hits: 7, results delivered: 7
index_for [Thing(id: integer, name: string, thing_type_id: integer, parent_id: integer, created_at: datetime, updated_at: datetime)]
options: {:offset=>nil, :limit=>nil}
ar_options: {}
[thing] stored_fields: nil
[thing] query: platypus
-->+name:platypus +(class_name:Thing)
[thing] now retrieving records from AR with options: {}
[thing] 1 results from AR: [#<Thing id: 105, name: "platypus", thing_type_id: nil, parent_id: nil, created_at: "2009-10-17 21:34:15", updated_at: "2009-10-17 21:34:15">]
Query: platypus
total hits: 1, results delivered: 1
